[2026-05-14T01:48:20.495Z] [LOG] [WhatsApp-Pi] Session shutdown detected. Stopping WhatsApp service...
[2026-05-14T01:50:37.722Z] [LOG] [WhatsApp-Pi] Session shutdown detected. Stopping WhatsApp service...
[2026-05-14T01:51:57.738Z] [LOG] [WhatsApp-Pi] Session shutdown detected. Stopping WhatsApp service...
[2026-05-14T01:52:49.033Z] [LOG] [WhatsApp-Pi] Session shutdown detected. Stopping WhatsApp service...
[2026-05-14T01:53:22.721Z] [LOG] [WhatsApp-Pi] Session shutdown detected. Stopping WhatsApp service...
[2026-05-14T01:59:43.119Z] [LOG] [WhatsApp-Pi] Session shutdown detected. Stopping WhatsApp service...
[2026-05-14T01:59:54.624Z] [LOG] [WhatsApp-Pi] Session shutdown detected. Stopping WhatsApp service...
[2026-05-14T02:09:35.544Z] [LOG] [WhatsApp-Pi] Session shutdown detected. Stopping WhatsApp service...
[2026-05-14T02:11:13.871Z] [LOG] [WhatsApp-Pi] Session shutdown detected. Stopping WhatsApp service...
[2026-05-14T02:13:12.362Z] [LOG] [WhatsApp-Pi] Session shutdown detected. Stopping WhatsApp service...
[2026-05-14T02:27:36.769Z] [LOG] [WhatsApp-Pi] Session shutdown detected. Stopping WhatsApp service...
[2026-05-14T02:28:15.393Z] [LOG] [WhatsApp-Pi] Session shutdown detected. Stopping WhatsApp service...
[2026-05-14T02:28:25.442Z] [LOG] [WhatsApp-Pi] Session shutdown detected. Stopping WhatsApp service...
[2026-05-14T02:30:29.249Z] [LOG] [WhatsApp-Pi] Session shutdown detected. Stopping WhatsApp service...
[2026-05-14T02:32:16.316Z] [LOG] [WhatsApp-Pi] Session shutdown detected. Stopping WhatsApp service...
[2026-05-14T02:33:00.420Z] [LOG] [WhatsApp-Pi] Session shutdown detected. Stopping WhatsApp service...
[2026-05-14T02:52:07.419Z] [LOG] [WhatsApp-Pi] Session shutdown detected. Stopping WhatsApp service...
[2026-05-14T02:52:12.913Z] [LOG] [WhatsApp-Pi] Session shutdown detected. Stopping WhatsApp service...
[2026-05-14T02:52:54.729Z] [LOG] [WhatsApp-Pi] Session shutdown detected. Stopping WhatsApp service...
[2026-05-14T03:03:46.138Z] [LOG] [WhatsApp-Pi] Session shutdown detected. Stopping WhatsApp service...
[2026-05-14T03:03:57.942Z] [LOG] [WhatsApp-Pi] Session shutdown detected. Stopping WhatsApp service...
[2026-05-14T03:12:45.479Z] [LOG] [WhatsApp-Pi] Session shutdown detected. Stopping WhatsApp service...
[2026-05-14T03:12:59.929Z] [LOG] [WhatsApp-Pi] Session shutdown detected. Stopping WhatsApp service...
[2026-05-14T03:18:42.653Z] [LOG] [WhatsApp-Pi] Session shutdown detected. Stopping WhatsApp service...
[2026-05-14T03:18:53.497Z] [LOG] [WhatsApp-Pi] Session shutdown detected. Stopping WhatsApp service...
[2026-05-14T03:19:12.278Z] [LOG] [WhatsApp-Pi] Session shutdown detected. Stopping WhatsApp service...
[2026-05-14T03:24:40.553Z] [LOG] [WhatsApp-Pi] Session shutdown detected. Stopping WhatsApp service...
[2026-05-14T03:24:52.418Z] [LOG] [WhatsApp-Pi] Session shutdown detected. Stopping WhatsApp service...
[2026-05-14T03:26:43.739Z] [LOG] [WhatsApp-Pi] Session shutdown detected. Stopping WhatsApp service...
[2026-05-14T03:28:38.761Z] [LOG] [WhatsApp-Pi] Session shutdown detected. Stopping WhatsApp service...
[2026-05-14T03:28:53.404Z] [LOG] [WhatsApp-Pi] Session shutdown detected. Stopping WhatsApp service...
[2026-05-14T03:29:46.990Z] [LOG] [WhatsApp-Pi] Session shutdown detected. Stopping WhatsApp service...
[2026-05-14T03:36:00.378Z] [LOG] [WhatsApp-Pi] Session shutdown detected. Stopping WhatsApp service...
[2026-05-14T03:36:22.693Z] [LOG] [WhatsApp-Pi] Session shutdown detected. Stopping WhatsApp service...
[2026-05-14T03:41:40.900Z] [LOG] [WhatsApp-Pi] Session shutdown detected. Stopping WhatsApp service...
[2026-05-14T03:52:29.794Z] [LOG] [WhatsApp-Pi] Session shutdown detected. Stopping WhatsApp service...
[2026-05-14T03:54:07.175Z] [LOG] [WhatsApp-Pi] Session shutdown detected. Stopping WhatsApp service...
[2026-05-14T03:54:41.442Z] [LOG] [WhatsApp-Pi] Session shutdown detected. Stopping WhatsApp service...
[2026-05-14T04:01:29.063Z] [LOG] [WhatsApp-Pi] Session shutdown detected. Stopping WhatsApp service...
[2026-05-14T04:01:57.882Z] [LOG] [WhatsApp-Pi] Session shutdown detected. Stopping WhatsApp service...
[2026-05-14T04:04:15.810Z] [LOG] [WhatsApp-Pi] Session shutdown detected. Stopping WhatsApp service...
[2026-05-14T04:05:01.888Z] [LOG] [WhatsApp-Pi] Session shutdown detected. Stopping WhatsApp service...
[2026-05-14T04:10:26.808Z] [LOG] [WhatsApp-Pi] Session shutdown detected. Stopping WhatsApp service...
[2026-05-14T04:11:05.146Z] [LOG] [WhatsApp-Pi] Session shutdown detected. Stopping WhatsApp service...
[2026-05-14T04:12:22.801Z] [LOG] [WhatsApp-Pi] Session shutdown detected. Stopping WhatsApp service...
[2026-05-14T04:15:22.549Z] [LOG] [WhatsApp-Pi] Session shutdown detected. Stopping WhatsApp service...
[2026-05-14T04:16:04.130Z] [LOG] [WhatsApp-Pi] Session shutdown detected. Stopping WhatsApp service...
[2026-05-14T04:18:12.887Z] [LOG] [WhatsApp-Pi] Session shutdown detected. Stopping WhatsApp service...
[2026-05-14T04:22:39.270Z] [LOG] [WhatsApp-Pi] Session shutdown detected. Stopping WhatsApp service...
[2026-05-14T04:23:54.628Z] [LOG] [WhatsApp-Pi] Session shutdown detected. Stopping WhatsApp service...
[2026-05-14T04:27:02.321Z] [LOG] [WhatsApp-Pi] Session shutdown detected. Stopping WhatsApp service...
[2026-05-14T04:27:11.905Z] [LOG] [WhatsApp-Pi] Session shutdown detected. Stopping WhatsApp service...
[2026-05-14T04:29:36.608Z] [LOG] [WhatsApp-Pi] Session shutdown detected. Stopping WhatsApp service...
[2026-05-14T04:32:06.880Z] [LOG] [WhatsApp-Pi] Session shutdown detected. Stopping WhatsApp service...
[2026-05-14T04:33:48.800Z] [LOG] [WhatsApp-Pi] Session shutdown detected. Stopping WhatsApp service...
[2026-05-14T04:34:21.930Z] [LOG] [WhatsApp-Pi] Session shutdown detected. Stopping WhatsApp service...
[2026-05-14T04:34:37.529Z] [LOG] [WhatsApp-Pi] Session shutdown detected. Stopping WhatsApp service...
[2026-05-14T04:42:31.460Z] [LOG] [WhatsApp-Pi] Session shutdown detected. Stopping WhatsApp service...
[2026-05-14T04:42:40.113Z] [LOG] [WhatsApp-Pi] Session shutdown detected. Stopping WhatsApp service...
[2026-05-14T04:43:40.060Z] [LOG] [WhatsApp-Pi] Session shutdown detected. Stopping WhatsApp service...
[2026-05-14T04:52:37.672Z] [LOG] [WhatsApp-Pi] Session shutdown detected. Stopping WhatsApp service...
[2026-05-14T04:52:45.880Z] [LOG] [WhatsApp-Pi] Session shutdown detected. Stopping WhatsApp service...
[2026-05-14T04:55:12.585Z] [LOG] [WhatsApp-Pi] Session shutdown detected. Stopping WhatsApp service...
[2026-05-14T04:55:28.853Z] [LOG] [WhatsApp-Pi] Session shutdown detected. Stopping WhatsApp service...
[2026-05-14T04:56:05.077Z] [LOG] [WhatsApp-Pi] Session shutdown detected. Stopping WhatsApp service...
[2026-05-14T05:11:07.639Z] [LOG] [WhatsApp-Pi] Session shutdown detected. Stopping WhatsApp service...
[2026-05-14T05:11:17.552Z] [LOG] [WhatsApp-Pi] Session shutdown detected. Stopping WhatsApp service...
[2026-05-14T05:11:43.430Z] [LOG] [WhatsApp-Pi] Session shutdown detected. Stopping WhatsApp service...
[2026-05-14T05:12:00.398Z] [LOG] [WhatsApp-Pi] Session shutdown detected. Stopping WhatsApp service...
[2026-05-14T05:12:46.595Z] [LOG] [WhatsApp-Pi] Session shutdown detected. Stopping WhatsApp service...
[2026-05-14T05:12:55.023Z] [LOG] [WhatsApp-Pi] Session shutdown detected. Stopping WhatsApp service...
[2026-05-14T05:19:19.618Z] [LOG] [WhatsApp-Pi] Session shutdown detected. Stopping WhatsApp service...
[2026-05-14T05:19:33.201Z] [LOG] [WhatsApp-Pi] Session shutdown detected. Stopping WhatsApp service...
[2026-05-14T05:25:07.135Z] [LOG] [WhatsApp-Pi] Session shutdown detected. Stopping WhatsApp service...
[2026-05-14T05:25:17.139Z] [LOG] [WhatsApp-Pi] Session shutdown detected. Stopping WhatsApp service...
[2026-05-14T05:26:22.794Z] [LOG] [WhatsApp-Pi] Session shutdown detected. Stopping WhatsApp service...
[2026-05-14T05:26:33.039Z] [LOG] [WhatsApp-Pi] Session shutdown detected. Stopping WhatsApp service...
[2026-05-14T05:27:00.724Z] [LOG] [WhatsApp-Pi] Session shutdown detected. Stopping WhatsApp service...
[2026-05-14T05:27:21.512Z] [LOG] [WhatsApp-Pi] Session shutdown detected. Stopping WhatsApp service...
[2026-05-14T05:27:33.469Z] [LOG] [WhatsApp-Pi] Session shutdown detected. Stopping WhatsApp service...
[2026-05-14T05:27:41.326Z] [LOG] [WhatsApp-Pi] Session shutdown detected. Stopping WhatsApp service...
[2026-05-14T05:27:50.609Z] [LOG] [WhatsApp-Pi] Session shutdown detected. Stopping WhatsApp service...
[2026-05-14T05:28:01.617Z] [LOG] [WhatsApp-Pi] Session shutdown detected. Stopping WhatsApp service...
[2026-05-14T05:29:01.631Z] [LOG] [WhatsApp-Pi] Session shutdown detected. Stopping WhatsApp service...
[2026-05-14T05:29:11.096Z] [LOG] [WhatsApp-Pi] Session shutdown detected. Stopping WhatsApp service...
[2026-05-14T05:30:08.849Z] [LOG] [WhatsApp-Pi] Session shutdown detected. Stopping WhatsApp service...
[2026-05-14T05:30:21.327Z] [LOG] [WhatsApp-Pi] Session shutdown detected. Stopping WhatsApp service...
[2026-05-14T05:35:28.558Z] [LOG] [WhatsApp-Pi] Session shutdown detected. Stopping WhatsApp service...
[2026-05-14T05:47:48.256Z] [LOG] [WhatsApp-Pi] Session shutdown detected. Stopping WhatsApp service...
[2026-05-14T06:15:15.269Z] [LOG] [WhatsApp-Pi] Session shutdown detected. Stopping WhatsApp service...
[2026-05-14T06:17:40.616Z] [LOG] [WhatsApp-Pi] Session shutdown detected. Stopping WhatsApp service...
[2026-05-14T06:17:50.573Z] [LOG] [WhatsApp-Pi] Session shutdown detected. Stopping WhatsApp service...
[2026-05-14T06:18:04.614Z] [LOG] [WhatsApp-Pi] Session shutdown detected. Stopping WhatsApp service...
[2026-05-14T06:18:25.167Z] [LOG] [WhatsApp-Pi] Session shutdown detected. Stopping WhatsApp service...
[2026-05-14T06:18:51.373Z] [LOG] [WhatsApp-Pi] Session shutdown detected. Stopping WhatsApp service...
[2026-05-14T06:25:48.866Z] [LOG] [WhatsApp-Pi] Session shutdown detected. Stopping WhatsApp service...
[2026-05-14T06:31:52.486Z] [LOG] [WhatsApp-Pi] Session shutdown detected. Stopping WhatsApp service...
[2026-05-14T06:33:11.257Z] [LOG] [WhatsApp-Pi] Session shutdown detected. Stopping WhatsApp service...
[2026-05-14T06:33:55.774Z] [LOG] [WhatsApp-Pi] Session shutdown detected. Stopping WhatsApp service...
[2026-05-14T06:34:16.490Z] [LOG] [WhatsApp-Pi] Session shutdown detected. Stopping WhatsApp service...
[2026-05-14T06:34:36.990Z] [LOG] [WhatsApp-Pi] Session shutdown detected. Stopping WhatsApp service...
[2026-05-14T06:34:50.321Z] [LOG] [WhatsApp-Pi] Session shutdown detected. Stopping WhatsApp service...
[2026-05-14T06:39:55.731Z] [LOG] [WhatsApp-Pi] Session shutdown detected. Stopping WhatsApp service...
[2026-05-14T06:43:35.645Z] [LOG] [WhatsApp-Pi] Session shutdown detected. Stopping WhatsApp service...
[2026-05-14T06:43:48.185Z] [LOG] [WhatsApp-Pi] Session shutdown detected. Stopping WhatsApp service...
[2026-05-14T06:44:05.482Z] [LOG] [WhatsApp-Pi] Session shutdown detected. Stopping WhatsApp service...
[2026-05-14T06:44:35.539Z] [LOG] [WhatsApp-Pi] Session shutdown detected. Stopping WhatsApp service...
[2026-05-14T06:44:43.789Z] [LOG] [WhatsApp-Pi] Session shutdown detected. Stopping WhatsApp service...
[2026-05-14T06:44:50.748Z] [LOG] [WhatsApp-Pi] Session shutdown detected. Stopping WhatsApp service...
[2026-05-14T06:45:33.917Z] [LOG] [WhatsApp-Pi] Session shutdown detected. Stopping WhatsApp service...
[2026-05-14T06:46:55.274Z] [LOG] [WhatsApp-Pi] Session shutdown detected. Stopping WhatsApp service...
[2026-05-14T06:47:04.744Z] [LOG] [WhatsApp-Pi] Session shutdown detected. Stopping WhatsApp service...
[2026-05-14T06:47:50.289Z] [LOG] [WhatsApp-Pi] Session shutdown detected. Stopping WhatsApp service...
[2026-05-14T13:53:48.492Z] [LOG] [WhatsApp-Pi] Session shutdown detected. Stopping WhatsApp service...
[2026-05-14T13:57:20.421Z] [LOG] [WhatsApp-Pi] Session shutdown detected. Stopping WhatsApp service...
[2026-05-14T14:11:10.440Z] [LOG] [WhatsApp-Pi] Session shutdown detected. Stopping WhatsApp service...
[2026-05-14T14:18:55.011Z] [LOG] [WhatsApp-Pi] Session shutdown detected. Stopping WhatsApp service...
[2026-05-14T14:19:49.310Z] [LOG] [WhatsApp-Pi] Session shutdown detected. Stopping WhatsApp service...
[2026-05-14T14:26:54.649Z] [LOG] [WhatsApp-Pi] Session shutdown detected. Stopping WhatsApp service...
[2026-05-14T14:27:35.480Z] [LOG] [WhatsApp-Pi] Session shutdown detected. Stopping WhatsApp service...
[2026-05-14T14:35:50.739Z] [LOG] [WhatsApp-Pi] Session shutdown detected. Stopping WhatsApp service...
[2026-05-14T15:59:07.286Z] [LOG] [WhatsApp-Pi] Session shutdown detected. Stopping WhatsApp service...
[2026-05-14T16:05:01.353Z] [LOG] [WhatsApp-Pi] Session shutdown detected. Stopping WhatsApp service...
[2026-05-14T16:05:56.207Z] [LOG] [WhatsApp-Pi] Session shutdown detected. Stopping WhatsApp service...
[2026-05-14T16:07:19.522Z] [LOG] [WhatsApp-Pi] Session shutdown detected. Stopping WhatsApp service...
[2026-05-14T16:08:31.450Z] [LOG] [WhatsApp-Pi] Session shutdown detected. Stopping WhatsApp service...
[2026-05-14T16:10:26.332Z] [LOG] [WhatsApp-Pi] Session shutdown detected. Stopping WhatsApp service...
[2026-05-14T16:11:49.256Z] [LOG] [WhatsApp-Pi] Session shutdown detected. Stopping WhatsApp service...
[2026-05-14T16:23:38.430Z] [LOG] [WhatsApp-Pi] Session shutdown detected. Stopping WhatsApp service...
[2026-05-14T16:25:19.529Z] [LOG] [WhatsApp-Pi] Session shutdown detected. Stopping WhatsApp service...
[2026-05-14T16:26:18.512Z] [LOG] [WhatsApp-Pi] Session shutdown detected. Stopping WhatsApp service...
[2026-05-14T16:31:47.029Z] [LOG] [WhatsApp-Pi] Session shutdown detected. Stopping WhatsApp service...
[2026-05-14T16:31:51.379Z] [LOG] [WhatsApp-Pi] Session shutdown detected. Stopping WhatsApp service...
[2026-05-14T16:32:56.862Z] [LOG] [WhatsApp-Pi] Session shutdown detected. Stopping WhatsApp service...
[2026-05-14T16:37:13.477Z] [LOG] [WhatsApp-Pi] Session shutdown detected. Stopping WhatsApp service...
[2026-05-14T16:39:25.802Z] [LOG] [WhatsApp-Pi] Session shutdown detected. Stopping WhatsApp service...
[2026-05-14T16:44:54.650Z] [LOG] [WhatsApp-Pi] Session shutdown detected. Stopping WhatsApp service...
[2026-05-14T16:45:12.655Z] [LOG] [WhatsApp-Pi] Session shutdown detected. Stopping WhatsApp service...
[2026-05-14T16:47:36.986Z] [LOG] [WhatsApp-Pi] Session shutdown detected. Stopping WhatsApp service...
[2026-05-14T16:49:25.417Z] [LOG] [WhatsApp-Pi] Session shutdown detected. Stopping WhatsApp service...
[2026-05-14T17:03:09.944Z] [LOG] [WhatsApp-Pi] Session shutdown detected. Stopping WhatsApp service...
[2026-05-14T17:03:35.958Z] [LOG] [WhatsApp-Pi] Session shutdown detected. Stopping WhatsApp service...
[2026-05-14T17:05:14.638Z] [LOG] [WhatsApp-Pi] Session shutdown detected. Stopping WhatsApp service...
[2026-05-14T17:07:25.361Z] [LOG] [WhatsApp-Pi] Session shutdown detected. Stopping WhatsApp service...
[2026-05-14T17:07:39.607Z] [LOG] [WhatsApp-Pi] Session shutdown detected. Stopping WhatsApp service...
[2026-05-14T17:26:57.590Z] [LOG] [WhatsApp-Pi] Session shutdown detected. Stopping WhatsApp service...
[2026-05-14T17:28:57.128Z] [LOG] [WhatsApp-Pi] Session shutdown detected. Stopping WhatsApp service...
[2026-05-14T17:35:12.907Z] [LOG] [WhatsApp-Pi] Session shutdown detected. Stopping WhatsApp service...
[2026-05-14T17:43:02.589Z] [LOG] [WhatsApp-Pi] Session shutdown detected. Stopping WhatsApp service...
[2026-05-14T17:44:34.752Z] [LOG] [WhatsApp-Pi] Session shutdown detected. Stopping WhatsApp service...
[2026-05-14T17:52:05.490Z] [LOG] [WhatsApp-Pi] Session shutdown detected. Stopping WhatsApp service...
[2026-05-14T17:52:22.398Z] [LOG] [WhatsApp-Pi] Session shutdown detected. Stopping WhatsApp service...
[2026-05-14T17:53:54.661Z] [LOG] [WhatsApp-Pi] Session shutdown detected. Stopping WhatsApp service...
[2026-05-14T17:54:44.688Z] [LOG] [WhatsApp-Pi] Session shutdown detected. Stopping WhatsApp service...
[2026-05-14T18:09:32.091Z] [LOG] [WhatsApp-Pi] Session shutdown detected. Stopping WhatsApp service...
[2026-05-14T18:10:52.087Z] [LOG] [WhatsApp-Pi] Session shutdown detected. Stopping WhatsApp service...
[2026-05-14T18:23:00.683Z] [LOG] [WhatsApp-Pi] Session shutdown detected. Stopping WhatsApp service...
[2026-05-14T18:23:38.683Z] [LOG] [WhatsApp-Pi] Session shutdown detected. Stopping WhatsApp service...
[2026-05-14T18:25:11.100Z] [LOG] [WhatsApp-Pi] Session shutdown detected. Stopping WhatsApp service...
[2026-05-14T18:25:33.194Z] [LOG] [WhatsApp-Pi] Session shutdown detected. Stopping WhatsApp service...
[2026-05-14T18:26:01.500Z] [LOG] [WhatsApp-Pi] Session shutdown detected. Stopping WhatsApp service...
[2026-05-14T18:28:40.288Z] [LOG] [WhatsApp-Pi] Session shutdown detected. Stopping WhatsApp service...
[2026-05-14T18:29:47.282Z] [LOG] [WhatsApp-Pi] Session shutdown detected. Stopping WhatsApp service...
[2026-05-14T19:04:59.613Z] [LOG] [WhatsApp-Pi] Session shutdown detected. Stopping WhatsApp service...
[2026-05-14T19:05:31.479Z] [LOG] [WhatsApp-Pi] Session shutdown detected. Stopping WhatsApp service...
[2026-05-14T19:06:05.738Z] [LOG] [WhatsApp-Pi] Session shutdown detected. Stopping WhatsApp service...
[2026-05-14T19:06:36.900Z] [LOG] [WhatsApp-Pi] Session shutdown detected. Stopping WhatsApp service...
[2026-05-14T19:07:16.725Z] [LOG] [WhatsApp-Pi] Session shutdown detected. Stopping WhatsApp service...
[2026-05-14T19:08:35.203Z] [LOG] [WhatsApp-Pi] Session shutdown detected. Stopping WhatsApp service...
[2026-05-14T19:09:07.489Z] [LOG] [WhatsApp-Pi] Session shutdown detected. Stopping WhatsApp service...
[2026-05-14T19:12:08.399Z] [LOG] [WhatsApp-Pi] Session shutdown detected. Stopping WhatsApp service...
[2026-05-14T19:12:21.671Z] [LOG] [WhatsApp-Pi] Session shutdown detected. Stopping WhatsApp service...
[2026-05-14T19:15:56.771Z] [LOG] [WhatsApp-Pi] Session shutdown detected. Stopping WhatsApp service...
[2026-05-14T19:47:14.442Z] [LOG] [WhatsApp-Pi] Session shutdown detected. Stopping WhatsApp service...
[2026-05-14T19:53:45.778Z] [LOG] [WhatsApp-Pi] Session shutdown detected. Stopping WhatsApp service...
[2026-05-14T19:54:51.922Z] [LOG] [WhatsApp-Pi] Session shutdown detected. Stopping WhatsApp service...
[2026-05-14T19:59:24.044Z] [LOG] [WhatsApp-Pi] Session shutdown detected. Stopping WhatsApp service...
[2026-05-14T20:00:38.471Z] [LOG] [WhatsApp-Pi] Session shutdown detected. Stopping WhatsApp service...
[2026-05-14T20:43:32.713Z] [LOG] [WhatsApp-Pi] Session shutdown detected. Stopping WhatsApp service...
[2026-05-14T20:44:07.679Z] [LOG] [WhatsApp-Pi] Session shutdown detected. Stopping WhatsApp service...
[2026-05-14T20:45:33.570Z] [LOG] [WhatsApp-Pi] Session shutdown detected. Stopping WhatsApp service...
[2026-05-14T20:46:29.186Z] [LOG] [WhatsApp-Pi] Session shutdown detected. Stopping WhatsApp service...
[2026-05-14T20:47:01.710Z] [LOG] [WhatsApp-Pi] Session shutdown detected. Stopping WhatsApp service...
[2026-05-14T20:49:53.531Z] [LOG] [WhatsApp-Pi] Session shutdown detected. Stopping WhatsApp service...
[2026-05-14T20:49:57.737Z] [LOG] [WhatsApp-Pi] Session shutdown detected. Stopping WhatsApp service...
[2026-05-14T20:50:31.576Z] [LOG] [WhatsApp-Pi] Session shutdown detected. Stopping WhatsApp service...
[2026-05-14T20:51:14.323Z] [LOG] [WhatsApp-Pi] Session shutdown detected. Stopping WhatsApp service...
[2026-05-14T20:52:12.175Z] [LOG] [WhatsApp-Pi] Session shutdown detected. Stopping WhatsApp service...
[2026-05-14T20:53:09.925Z] [LOG] [WhatsApp-Pi] Session shutdown detected. Stopping WhatsApp service...
[2026-05-14T20:55:19.128Z] [LOG] [WhatsApp-Pi] Session shutdown detected. Stopping WhatsApp service...
[2026-05-14T21:00:15.368Z] [LOG] [WhatsApp-Pi] Session shutdown detected. Stopping WhatsApp service...
[2026-05-14T21:02:25.791Z] [LOG] [WhatsApp-Pi] Session shutdown detected. Stopping WhatsApp service...
[2026-05-15T00:58:35.482Z] [LOG] [WhatsApp-Pi] Session shutdown detected. Stopping WhatsApp service...
[2026-05-15T00:58:52.672Z] [LOG] [WhatsApp-Pi] Session shutdown detected. Stopping WhatsApp service...
[2026-05-15T01:00:01.147Z] [LOG] [WhatsApp-Pi] Session shutdown detected. Stopping WhatsApp service...
[2026-05-15T01:04:38.829Z] [LOG] [WhatsApp-Pi] Session shutdown detected. Stopping WhatsApp service...
[2026-05-15T01:11:42.432Z] [LOG] [WhatsApp-Pi] Session shutdown detected. Stopping WhatsApp service...
[2026-05-15T01:12:03.283Z] [LOG] [WhatsApp-Pi] Session shutdown detected. Stopping WhatsApp service...
[2026-05-15T01:13:59.714Z] [LOG] [WhatsApp-Pi] Session shutdown detected. Stopping WhatsApp service...
[2026-05-15T01:15:01.692Z] [LOG] [WhatsApp-Pi] Session shutdown detected. Stopping WhatsApp service...
[2026-05-15T01:20:45.715Z] [LOG] [WhatsApp-Pi] Session shutdown detected. Stopping WhatsApp service...
[2026-05-15T01:26:22.444Z] [LOG] [WhatsApp-Pi] Session shutdown detected. Stopping WhatsApp service...
[2026-05-15T01:26:29.854Z] [LOG] [WhatsApp-Pi] Session shutdown detected. Stopping WhatsApp service...
[2026-05-15T01:28:54.256Z] [LOG] [WhatsApp-Pi] Session shutdown detected. Stopping WhatsApp service...
[2026-05-15T01:29:04.656Z] [LOG] [WhatsApp-Pi] Session shutdown detected. Stopping WhatsApp service...
[2026-05-15T01:33:38.482Z] [LOG] [WhatsApp-Pi] Session shutdown detected. Stopping WhatsApp service...
[2026-05-15T01:43:16.162Z] [LOG] [WhatsApp-Pi] Session shutdown detected. Stopping WhatsApp service...
[2026-05-15T01:53:04.170Z] [LOG] [WhatsApp-Pi] Session shutdown detected. Stopping WhatsApp service...
[2026-05-15T01:53:09.370Z] [LOG] [WhatsApp-Pi] Session shutdown detected. Stopping WhatsApp service...
[2026-05-15T01:55:22.564Z] [LOG] [WhatsApp-Pi] Session shutdown detected. Stopping WhatsApp service...
[2026-05-15T01:55:45.086Z] [LOG] [WhatsApp-Pi] Session shutdown detected. Stopping WhatsApp service...
[2026-05-15T01:59:25.726Z] [LOG] [WhatsApp-Pi] Session shutdown detected. Stopping WhatsApp service...
[2026-05-15T02:02:09.316Z] [LOG] [WhatsApp-Pi] Session shutdown detected. Stopping WhatsApp service...
[2026-05-15T02:04:24.289Z] [LOG] [WhatsApp-Pi] Session shutdown detected. Stopping WhatsApp service...
[2026-05-15T02:05:20.360Z] [LOG] [WhatsApp-Pi] Session shutdown detected. Stopping WhatsApp service...
[2026-05-15T02:18:46.631Z] [LOG] [WhatsApp-Pi] Session shutdown detected. Stopping WhatsApp service...
[2026-05-15T02:24:36.699Z] [MessageSender] SUCCESS sending to 15196196897@s.whatsapp.net on attempt 1
[2026-05-15T02:25:56.414Z] [MessageSender] SUCCESS sending to 15196196897@s.whatsapp.net on attempt 1
[2026-05-15T02:30:26.299Z] [LOG] [WhatsApp-Pi] Session shutdown detected. Stopping WhatsApp service...
[2026-05-15T02:34:30.442Z] [LOG] [WhatsApp-Pi] Session shutdown detected. Stopping WhatsApp service...
[2026-05-15T02:36:17.847Z] [LOG] [WhatsApp-Pi] Session shutdown detected. Stopping WhatsApp service...
[2026-05-15T02:40:15.413Z] [LOG] [WhatsApp-Pi] Session shutdown detected. Stopping WhatsApp service...
[2026-05-15T02:43:09.729Z] [LOG] [WhatsApp-Pi] Session shutdown detected. Stopping WhatsApp service...
[2026-05-15T02:49:00.807Z] [LOG] [WhatsApp-Pi] Session shutdown detected. Stopping WhatsApp service...
[2026-05-15T02:50:01.843Z] [LOG] [WhatsApp-Pi] Session shutdown detected. Stopping WhatsApp service...
[2026-05-15T02:50:19.639Z] [LOG] [WhatsApp-Pi] Session shutdown detected. Stopping WhatsApp service...
[2026-05-15T02:50:21.239Z] [LOG] [WhatsApp-Pi] Session shutdown detected. Stopping WhatsApp service...
[2026-05-15T02:55:15.092Z] [LOG] [WhatsApp-Pi] Session shutdown detected. Stopping WhatsApp service...
[2026-05-15T03:03:46.294Z] [LOG] [WhatsApp-Pi] Session shutdown detected. Stopping WhatsApp service...
[2026-05-15T03:12:52.217Z] [LOG] [WhatsApp-Pi] Session shutdown detected. Stopping WhatsApp service...
[2026-05-15T03:16:11.792Z] [LOG] [WhatsApp-Pi] Session shutdown detected. Stopping WhatsApp service...
[2026-05-15T03:16:28.984Z] [LOG] [WhatsApp-Pi] Session shutdown detected. Stopping WhatsApp service...
[2026-05-15T03:21:35.292Z] [LOG] [WhatsApp-Pi] Session shutdown detected. Stopping WhatsApp service...
[2026-05-15T03:21:56.603Z] [LOG] [WhatsApp-Pi] Message from Ken Banks (89623317475543): List the files
[2026-05-15T03:22:04.382Z] [MessageSender] SUCCESS sending to 89623317475543@lid on attempt 1
[2026-05-15T03:22:32.068Z] [LOG] [WhatsApp-Pi] Session shutdown detected. Stopping WhatsApp service...
[2026-05-15T03:23:46.411Z] [LOG] [WhatsApp-Pi] Session shutdown detected. Stopping WhatsApp service...
[2026-05-15T03:24:08.732Z] [LOG] [WhatsApp-Pi] Session shutdown detected. Stopping WhatsApp service...
[2026-05-15T03:24:18.621Z] [LOG] [WhatsApp-Pi] Message from Ken Banks (89623317475543): Hi
[2026-05-15T03:24:22.700Z] [MessageSender] SUCCESS sending to 89623317475543@lid on attempt 1
[2026-05-15T03:24:49.695Z] [LOG] [WhatsApp-Pi] Message from Ken Banks (89623317475543): Who are you?
[2026-05-15T03:24:51.744Z] [MessageSender] SUCCESS sending to 89623317475543@lid on attempt 1
[2026-05-15T03:39:03.174Z] [LOG] [WhatsApp-Pi] Session shutdown detected. Stopping WhatsApp service...
[2026-05-15T03:45:11.396Z] [LOG] [WhatsApp-Pi] Session shutdown detected. Stopping WhatsApp service...
[2026-05-15T03:45:52.886Z] [LOG] [WhatsApp-Pi] Session shutdown detected. Stopping WhatsApp service...
[2026-05-15T03:46:29.157Z] [LOG] [WhatsApp-Pi] Session shutdown detected. Stopping WhatsApp service...
[2026-05-15T03:51:26.399Z] [LOG] [WhatsApp-Pi] Session shutdown detected. Stopping WhatsApp service...
[2026-05-15T03:51:52.984Z] [LOG] [WhatsApp-Pi] Session shutdown detected. Stopping WhatsApp service...
[2026-05-15T03:55:12.676Z] [LOG] [WhatsApp-Pi] Session shutdown detected. Stopping WhatsApp service...
[2026-05-15T03:55:58.257Z] [LOG] [WhatsApp-Pi] Session shutdown detected. Stopping WhatsApp service...
[2026-05-15T03:56:12.423Z] [LOG] [WhatsApp-Pi] Session shutdown detected. Stopping WhatsApp service...
[2026-05-15T03:59:19.039Z] [LOG] [WhatsApp-Pi] Session shutdown detected. Stopping WhatsApp service...
[2026-05-15T04:02:07.203Z] [LOG] [WhatsApp-Pi] Session shutdown detected. Stopping WhatsApp service...
[2026-05-15T04:02:54.299Z] [LOG] [WhatsApp-Pi] Session shutdown detected. Stopping WhatsApp service...
[2026-05-15T04:13:51.074Z] [LOG] [WhatsApp-Pi] Session shutdown detected. Stopping WhatsApp service...
[2026-05-15T04:14:03.230Z] [LOG] [WhatsApp-Pi] Session shutdown detected. Stopping WhatsApp service...
[2026-05-15T04:14:43.020Z] [LOG] [WhatsApp-Pi] Session shutdown detected. Stopping WhatsApp service...
[2026-05-15T04:17:37.826Z] [LOG] [WhatsApp-Pi] Session shutdown detected. Stopping WhatsApp service...
[2026-05-15T04:22:37.411Z] [LOG] [WhatsApp-Pi] Session shutdown detected. Stopping WhatsApp service...
[2026-05-15T04:22:51.619Z] [LOG] [WhatsApp-Pi] Session shutdown detected. Stopping WhatsApp service...
[2026-05-15T04:23:25.971Z] [LOG] [WhatsApp-Pi] Session shutdown detected. Stopping WhatsApp service...
[2026-05-15T04:23:40.458Z] [LOG] [WhatsApp-Pi] Session shutdown detected. Stopping WhatsApp service...
[2026-05-15T04:24:21.029Z] [LOG] [WhatsApp-Pi] Session shutdown detected. Stopping WhatsApp service...
[2026-05-15T04:24:52.650Z] [LOG] [WhatsApp-Pi] Session shutdown detected. Stopping WhatsApp service...
[2026-05-15T04:25:06.529Z] [LOG] [WhatsApp-Pi] Session shutdown detected. Stopping WhatsApp service...
[2026-05-15T04:26:51.437Z] [LOG] [WhatsApp-Pi] Session shutdown detected. Stopping WhatsApp service...
[2026-05-15T04:27:08.705Z] [LOG] [WhatsApp-Pi] Session shutdown detected. Stopping WhatsApp service...
[2026-05-15T04:29:05.117Z] [LOG] [WhatsApp-Pi] Session shutdown detected. Stopping WhatsApp service...
[2026-05-15T04:29:49.640Z] [LOG] [WhatsApp-Pi] Session shutdown detected. Stopping WhatsApp service...
[2026-05-15T04:30:21.958Z] [LOG] [WhatsApp-Pi] Session shutdown detected. Stopping WhatsApp service...
[2026-05-15T04:31:24.108Z] [LOG] [WhatsApp-Pi] Session shutdown detected. Stopping WhatsApp service...
[2026-05-15T04:31:36.454Z] [LOG] [WhatsApp-Pi] Session shutdown detected. Stopping WhatsApp service...
[2026-05-15T04:31:55.599Z] [LOG] [WhatsApp-Pi] Session shutdown detected. Stopping WhatsApp service...
[2026-05-15T04:35:00.365Z] [LOG] [WhatsApp-Pi] Session shutdown detected. Stopping WhatsApp service...
[2026-05-15T04:37:09.336Z] [LOG] [WhatsApp-Pi] Session shutdown detected. Stopping WhatsApp service...
[2026-05-15T04:37:49.260Z] [LOG] [WhatsApp-Pi] Session shutdown detected. Stopping WhatsApp service...
[2026-05-15T04:38:45.786Z] [LOG] [WhatsApp-Pi] Session shutdown detected. Stopping WhatsApp service...
[2026-05-15T04:47:57.748Z] [LOG] [WhatsApp-Pi] Session shutdown detected. Stopping WhatsApp service...
[2026-05-15T04:48:53.787Z] [LOG] [WhatsApp-Pi] Session shutdown detected. Stopping WhatsApp service...
[2026-05-15T04:49:09.223Z] [LOG] [WhatsApp-Pi] Session shutdown detected. Stopping WhatsApp service...
[2026-05-15T04:52:19.395Z] [LOG] [WhatsApp-Pi] Session shutdown detected. Stopping WhatsApp service...
[2026-05-15T04:53:34.294Z] [LOG] [WhatsApp-Pi] Session shutdown detected. Stopping WhatsApp service...
[2026-05-15T04:53:42.795Z] [LOG] [WhatsApp-Pi] Session shutdown detected. Stopping WhatsApp service...
[2026-05-15T04:54:00.394Z] [LOG] [WhatsApp-Pi] Session shutdown detected. Stopping WhatsApp service...
[2026-05-15T04:55:02.893Z] [LOG] [WhatsApp-Pi] Session shutdown detected. Stopping WhatsApp service...
[2026-05-15T04:55:40.239Z] [LOG] [WhatsApp-Pi] Session shutdown detected. Stopping WhatsApp service...
[2026-05-15T04:55:54.855Z] [LOG] [WhatsApp-Pi] Session shutdown detected. Stopping WhatsApp service...
[2026-05-15T04:56:12.167Z] [LOG] [WhatsApp-Pi] Session shutdown detected. Stopping WhatsApp service...
[2026-05-15T04:56:39.879Z] [LOG] [WhatsApp-Pi] Session shutdown detected. Stopping WhatsApp service...
[2026-05-15T04:57:07.088Z] [LOG] [WhatsApp-Pi] Session shutdown detected. Stopping WhatsApp service...
[2026-05-15T04:57:12.290Z] [LOG] [WhatsApp-Pi] Session shutdown detected. Stopping WhatsApp service...
[2026-05-15T04:58:09.335Z] [LOG] [WhatsApp-Pi] Session shutdown detected. Stopping WhatsApp service...
[2026-05-15T04:58:12.539Z] [LOG] [WhatsApp-Pi] Session shutdown detected. Stopping WhatsApp service...
[2026-05-15T04:58:15.658Z] [LOG] [WhatsApp-Pi] Session shutdown detected. Stopping WhatsApp service...
[2026-05-15T04:58:25.993Z] [LOG] [WhatsApp-Pi] Session shutdown detected. Stopping WhatsApp service...
[2026-05-15T04:58:29.214Z] [LOG] [WhatsApp-Pi] Session shutdown detected. Stopping WhatsApp service...
[2026-05-15T04:58:32.393Z] [LOG] [WhatsApp-Pi] Session shutdown detected. Stopping WhatsApp service...
[2026-05-15T04:58:44.139Z] [LOG] [WhatsApp-Pi] Session shutdown detected. Stopping WhatsApp service...
[2026-05-15T04:58:46.957Z] [LOG] [WhatsApp-Pi] Session shutdown detected. Stopping WhatsApp service...
[2026-05-15T04:58:49.696Z] [LOG] [WhatsApp-Pi] Session shutdown detected. Stopping WhatsApp service...
[2026-05-15T05:00:21.551Z] [LOG] [WhatsApp-Pi] Session shutdown detected. Stopping WhatsApp service...
[2026-05-15T05:01:15.206Z] [LOG] [WhatsApp-Pi] Session shutdown detected. Stopping WhatsApp service...
[2026-05-15T05:01:29.016Z] [LOG] [WhatsApp-Pi] Session shutdown detected. Stopping WhatsApp service...
[2026-05-15T05:02:08.915Z] [LOG] [WhatsApp-Pi] Session shutdown detected. Stopping WhatsApp service...
[2026-05-15T05:02:41.064Z] [LOG] [WhatsApp-Pi] Session shutdown detected. Stopping WhatsApp service...
[2026-05-15T05:03:01.551Z] [LOG] [WhatsApp-Pi] Session shutdown detected. Stopping WhatsApp service...
[2026-05-15T05:03:54.470Z] [LOG] [WhatsApp-Pi] Session shutdown detected. Stopping WhatsApp service...
[2026-05-15T05:04:21.663Z] [LOG] [WhatsApp-Pi] Session shutdown detected. Stopping WhatsApp service...
[2026-05-15T05:05:18.077Z] [LOG] [WhatsApp-Pi] Session shutdown detected. Stopping WhatsApp service...
[2026-05-15T05:05:35.473Z] [LOG] [WhatsApp-Pi] Session shutdown detected. Stopping WhatsApp service...
[2026-05-15T05:10:02.024Z] [LOG] [WhatsApp-Pi] Session shutdown detected. Stopping WhatsApp service...
[2026-05-15T05:10:15.801Z] [LOG] [WhatsApp-Pi] Session shutdown detected. Stopping WhatsApp service...
[2026-05-15T05:30:46.424Z] [LOG] [WhatsApp-Pi] Session shutdown detected. Stopping WhatsApp service...
[2026-05-15T05:35:38.295Z] [LOG] [WhatsApp-Pi] Session shutdown detected. Stopping WhatsApp service...
[2026-05-15T05:39:03.507Z] [LOG] [WhatsApp-Pi] Session shutdown detected. Stopping WhatsApp service...
[2026-05-15T05:41:26.140Z] [LOG] [WhatsApp-Pi] Session shutdown detected. Stopping WhatsApp service...
[2026-05-15T05:43:02.757Z] [LOG] [WhatsApp-Pi] Session shutdown detected. Stopping WhatsApp service...
[2026-05-15T05:43:09.980Z] [LOG] [WhatsApp-Pi] Session shutdown detected. Stopping WhatsApp service...
[2026-05-15T12:55:06.513Z] [LOG] [WhatsApp-Pi] Session shutdown detected. Stopping WhatsApp service...
[2026-05-15T13:12:05.503Z] [LOG] [WhatsApp-Pi] Session shutdown detected. Stopping WhatsApp service...
[2026-05-15T13:12:08.196Z] [LOG] [WhatsApp-Pi] Session shutdown detected. Stopping WhatsApp service...
[2026-05-15T13:14:34.843Z] [LOG] [WhatsApp-Pi] Session shutdown detected. Stopping WhatsApp service...
[2026-05-15T13:35:58.383Z] [LOG] [WhatsApp-Pi] Session shutdown detected. Stopping WhatsApp service...
[2026-05-15T13:36:36.377Z] [LOG] [WhatsApp-Pi] Session shutdown detected. Stopping WhatsApp service...
[2026-05-15T13:40:32.568Z] [LOG] [WhatsApp-Pi] Session shutdown detected. Stopping WhatsApp service...
[2026-05-15T13:56:28.130Z] [LOG] [WhatsApp-Pi] Session shutdown detected. Stopping WhatsApp service...
[2026-05-15T14:02:51.464Z] [LOG] [WhatsApp-Pi] Session shutdown detected. Stopping WhatsApp service...
[2026-05-15T14:04:17.493Z] [LOG] [WhatsApp-Pi] Session shutdown detected. Stopping WhatsApp service...
[2026-05-15T14:05:58.770Z] [LOG] [WhatsApp-Pi] Session shutdown detected. Stopping WhatsApp service...
[2026-05-15T14:06:20.882Z] [LOG] [WhatsApp-Pi] Session shutdown detected. Stopping WhatsApp service...
[2026-05-15T14:07:21.458Z] [LOG] [WhatsApp-Pi] Session shutdown detected. Stopping WhatsApp service...
[2026-05-15T14:09:14.328Z] [LOG] [WhatsApp-Pi] Session shutdown detected. Stopping WhatsApp service...
[2026-05-15T14:10:55.278Z] [LOG] [WhatsApp-Pi] Session shutdown detected. Stopping WhatsApp service...
[2026-05-15T15:01:41.361Z] [LOG] [WhatsApp-Pi] Session shutdown detected. Stopping WhatsApp service...
[2026-05-15T15:01:54.178Z] [LOG] [WhatsApp-Pi] Session shutdown detected. Stopping WhatsApp service...
[2026-05-15T15:02:33.338Z] [LOG] [WhatsApp-Pi] Session shutdown detected. Stopping WhatsApp service...
[2026-05-15T15:03:47.998Z] [LOG] [WhatsApp-Pi] Session shutdown detected. Stopping WhatsApp service...
[2026-05-15T15:04:18.547Z] [LOG] [WhatsApp-Pi] Session shutdown detected. Stopping WhatsApp service...
[2026-05-15T15:54:54.386Z] [LOG] [WhatsApp-Pi] Session shutdown detected. Stopping WhatsApp service...
[2026-05-15T15:55:35.013Z] [LOG] [WhatsApp-Pi] Session shutdown detected. Stopping WhatsApp service...
[2026-05-15T15:56:26.314Z] [LOG] [WhatsApp-Pi] Session shutdown detected. Stopping WhatsApp service...
[2026-05-15T16:19:14.153Z] [LOG] [WhatsApp-Pi] Session shutdown detected. Stopping WhatsApp service...
[2026-05-15T16:24:48.312Z] [LOG] [WhatsApp-Pi] Session shutdown detected. Stopping WhatsApp service...
[2026-05-15T16:27:56.701Z] [LOG] [WhatsApp-Pi] Session shutdown detected. Stopping WhatsApp service...
[2026-05-15T16:31:57.870Z] [LOG] [WhatsApp-Pi] Session shutdown detected. Stopping WhatsApp service...
[2026-05-15T16:34:39.160Z] [LOG] [WhatsApp-Pi] Session shutdown detected. Stopping WhatsApp service...
[2026-05-15T16:36:07.661Z] [LOG] [WhatsApp-Pi] Session shutdown detected. Stopping WhatsApp service...
[2026-05-15T16:36:28.806Z] [LOG] [WhatsApp-Pi] Session shutdown detected. Stopping WhatsApp service...
[2026-05-15T16:38:26.702Z] [LOG] [WhatsApp-Pi] Session shutdown detected. Stopping WhatsApp service...
[2026-05-15T17:06:51.183Z] [LOG] [WhatsApp-Pi] Session shutdown detected. Stopping WhatsApp service...
[2026-05-15T17:09:27.526Z] [LOG] [WhatsApp-Pi] Session shutdown detected. Stopping WhatsApp service...
[2026-05-15T17:16:04.775Z] [LOG] [WhatsApp-Pi] Session shutdown detected. Stopping WhatsApp service...
[2026-05-15T17:17:24.667Z] [LOG] [WhatsApp-Pi] Session shutdown detected. Stopping WhatsApp service...
[2026-05-15T17:19:38.273Z] [LOG] [WhatsApp-Pi] Session shutdown detected. Stopping WhatsApp service...
[2026-05-15T17:21:28.912Z] [LOG] [WhatsApp-Pi] Session shutdown detected. Stopping WhatsApp service...
[2026-05-15T17:24:53.488Z] [LOG] [WhatsApp-Pi] Session shutdown detected. Stopping WhatsApp service...
[2026-05-15T17:41:56.281Z] [LOG] [WhatsApp-Pi] Session shutdown detected. Stopping WhatsApp service...
[2026-05-15T18:21:07.393Z] [LOG] [WhatsApp-Pi] Session shutdown detected. Stopping WhatsApp service...
[2026-05-15T18:25:20.780Z] [LOG] [WhatsApp-Pi] Session shutdown detected. Stopping WhatsApp service...
[2026-05-15T18:34:14.016Z] [LOG] [WhatsApp-Pi] Session shutdown detected. Stopping WhatsApp service...
[2026-05-15T18:34:48.041Z] [LOG] [WhatsApp-Pi] Session shutdown detected. Stopping WhatsApp service...
[2026-05-15T19:01:27.582Z] [LOG] [WhatsApp-Pi] Session shutdown detected. Stopping WhatsApp service...
[2026-05-15T19:05:16.778Z] [LOG] [WhatsApp-Pi] Session shutdown detected. Stopping WhatsApp service...
[2026-05-15T19:06:15.622Z] [LOG] [WhatsApp-Pi] Session shutdown detected. Stopping WhatsApp service...
[2026-05-15T19:08:16.721Z] [LOG] [WhatsApp-Pi] Session shutdown detected. Stopping WhatsApp service...
[2026-05-15T19:08:46.284Z] [LOG] [WhatsApp-Pi] Session shutdown detected. Stopping WhatsApp service...
[2026-05-15T19:09:04.499Z] [LOG] [WhatsApp-Pi] Session shutdown detected. Stopping WhatsApp service...
[2026-05-15T19:09:50.439Z] [LOG] [WhatsApp-Pi] Session shutdown detected. Stopping WhatsApp service...
[2026-05-15T19:10:39.206Z] [LOG] [WhatsApp-Pi] Session shutdown detected. Stopping WhatsApp service...
[2026-05-15T19:12:09.178Z] [LOG] [WhatsApp-Pi] Session shutdown detected. Stopping WhatsApp service...
[2026-05-15T19:15:56.173Z] [LOG] [WhatsApp-Pi] Session shutdown detected. Stopping WhatsApp service...
[2026-05-15T19:16:06.480Z] [LOG] [WhatsApp-Pi] Session shutdown detected. Stopping WhatsApp service...
[2026-05-15T19:16:26.643Z] [LOG] [WhatsApp-Pi] Session shutdown detected. Stopping WhatsApp service...
[2026-05-15T19:33:06.736Z] [LOG] [WhatsApp-Pi] Session shutdown detected. Stopping WhatsApp service...
[2026-05-15T19:39:36.209Z] [LOG] [WhatsApp-Pi] Session shutdown detected. Stopping WhatsApp service...
[2026-05-15T19:41:26.188Z] [LOG] [WhatsApp-Pi] Session shutdown detected. Stopping WhatsApp service...
[2026-05-15T19:44:49.787Z] [LOG] [WhatsApp-Pi] Session shutdown detected. Stopping WhatsApp service...
[2026-05-15T19:45:59.789Z] [LOG] [WhatsApp-Pi] Session shutdown detected. Stopping WhatsApp service...
[2026-05-15T19:46:33.351Z] [LOG] [WhatsApp-Pi] Session shutdown detected. Stopping WhatsApp service...
[2026-05-15T19:49:50.434Z] [LOG] [WhatsApp-Pi] Session shutdown detected. Stopping WhatsApp service...
[2026-05-15T19:50:11.907Z] [LOG] [WhatsApp-Pi] Session shutdown detected. Stopping WhatsApp service...
[2026-05-15T19:51:28.385Z] [LOG] [WhatsApp-Pi] Session shutdown detected. Stopping WhatsApp service...
[2026-05-15T20:08:35.296Z] [LOG] [WhatsApp-Pi] Session shutdown detected. Stopping WhatsApp service...
[2026-05-15T20:12:17.103Z] [LOG] [WhatsApp-Pi] Session shutdown detected. Stopping WhatsApp service...
[2026-05-15T20:34:24.895Z] [LOG] [WhatsApp-Pi] Session shutdown detected. Stopping WhatsApp service...
[2026-05-15T20:44:59.088Z] [LOG] [WhatsApp-Pi] Session shutdown detected. Stopping WhatsApp service...
[2026-05-15T21:16:50.638Z] [LOG] [WhatsApp-Pi] Session shutdown detected. Stopping WhatsApp service...
[2026-05-15T21:18:02.856Z] [LOG] [WhatsApp-Pi] Session shutdown detected. Stopping WhatsApp service...
[2026-05-15T21:38:57.830Z] [LOG] [WhatsApp-Pi] Session shutdown detected. Stopping WhatsApp service...
[2026-05-15T21:59:01.427Z] [LOG] [WhatsApp-Pi] Session shutdown detected. Stopping WhatsApp service...
[2026-05-15T22:03:41.005Z] [LOG] [WhatsApp-Pi] Session shutdown detected. Stopping WhatsApp service...
[2026-05-15T22:43:43.704Z] [LOG] [WhatsApp-Pi] Session shutdown detected. Stopping WhatsApp service...
[2026-05-15T23:53:27.450Z] [LOG] [WhatsApp-Pi] Session shutdown detected. Stopping WhatsApp service...
[2026-05-16T00:04:06.173Z] [LOG] [WhatsApp-Pi] Session shutdown detected. Stopping WhatsApp service...
[2026-05-16T00:04:16.781Z] [LOG] [WhatsApp-Pi] Session shutdown detected. Stopping WhatsApp service...
[2026-05-16T00:05:59.589Z] [LOG] [WhatsApp-Pi] Session shutdown detected. Stopping WhatsApp service...
[2026-05-16T00:18:38.209Z] [LOG] [WhatsApp-Pi] Session shutdown detected. Stopping WhatsApp service...
[2026-05-16T00:19:11.269Z] [LOG] [WhatsApp-Pi] Session shutdown detected. Stopping WhatsApp service...
[2026-05-16T00:19:29.807Z] [LOG] [WhatsApp-Pi] Session shutdown detected. Stopping WhatsApp service...
[2026-05-16T00:19:45.990Z] [LOG] [WhatsApp-Pi] Session shutdown detected. Stopping WhatsApp service...
[2026-05-16T00:19:48.588Z] [LOG] [WhatsApp-Pi] Session shutdown detected. Stopping WhatsApp service...
[2026-05-16T00:21:35.124Z] [LOG] [WhatsApp-Pi] Session shutdown detected. Stopping WhatsApp service...
[2026-05-16T00:24:21.104Z] [LOG] [WhatsApp-Pi] Session shutdown detected. Stopping WhatsApp service...
[2026-05-16T00:25:26.704Z] [LOG] [WhatsApp-Pi] Session shutdown detected. Stopping WhatsApp service...
[2026-05-16T00:25:40.992Z] [LOG] [WhatsApp-Pi] Session shutdown detected. Stopping WhatsApp service...
[2026-05-16T01:01:16.881Z] [LOG] [WhatsApp-Pi] Session shutdown detected. Stopping WhatsApp service...
[2026-05-16T01:13:49.695Z] [LOG] [WhatsApp-Pi] Session shutdown detected. Stopping WhatsApp service...
[2026-05-16T01:15:28.646Z] [LOG] [WhatsApp-Pi] Session shutdown detected. Stopping WhatsApp service...
[2026-05-16T01:15:52.637Z] [LOG] [WhatsApp-Pi] Session shutdown detected. Stopping WhatsApp service...
[2026-05-16T01:19:02.568Z] [LOG] [WhatsApp-Pi] Session shutdown detected. Stopping WhatsApp service...
[2026-05-16T01:19:27.380Z] [LOG] [WhatsApp-Pi] Session shutdown detected. Stopping WhatsApp service...
[2026-05-16T01:21:52.872Z] [LOG] [WhatsApp-Pi] Session shutdown detected. Stopping WhatsApp service...
[2026-05-16T01:22:12.937Z] [LOG] [WhatsApp-Pi] Session shutdown detected. Stopping WhatsApp service...
[2026-05-16T01:25:19.199Z] [LOG] [WhatsApp-Pi] Session shutdown detected. Stopping WhatsApp service...
[2026-05-16T01:26:29.529Z] [LOG] [WhatsApp-Pi] Session shutdown detected. Stopping WhatsApp service...
[2026-05-16T01:27:46.486Z] [LOG] [WhatsApp-Pi] Session shutdown detected. Stopping WhatsApp service...
[2026-05-16T01:28:06.927Z] [LOG] [WhatsApp-Pi] Session shutdown detected. Stopping WhatsApp service...
[2026-05-16T01:34:23.929Z] [LOG] [WhatsApp-Pi] Session shutdown detected. Stopping WhatsApp service...
[2026-05-16T01:35:30.622Z] [LOG] [WhatsApp-Pi] Session shutdown detected. Stopping WhatsApp service...
[2026-05-16T01:39:23.737Z] [LOG] [WhatsApp-Pi] Session shutdown detected. Stopping WhatsApp service...
[2026-05-16T01:48:43.839Z] [LOG] [WhatsApp-Pi] Session shutdown detected. Stopping WhatsApp service...
[2026-05-16T02:15:03.424Z] [LOG] [WhatsApp-Pi] Session shutdown detected. Stopping WhatsApp service...
[2026-05-16T02:33:04.915Z] [LOG] [WhatsApp-Pi] Session shutdown detected. Stopping WhatsApp service...
[2026-05-16T02:38:39.509Z] [LOG] [WhatsApp-Pi] Session shutdown detected. Stopping WhatsApp service...
[2026-05-16T02:58:09.058Z] [LOG] [WhatsApp-Pi] Session shutdown detected. Stopping WhatsApp service...
[2026-05-16T02:59:47.602Z] [WhatsApp-Pi] Fetching group metadata for 120363149473706131@g.us...
[2026-05-16T02:59:47.680Z] [WhatsApp-Pi] Cached group metadata for 120363149473706131@g.us (77 participants)
[2026-05-16T03:03:31.582Z] [LOG] [WhatsApp-Pi] Session shutdown detected. Stopping WhatsApp service...
[2026-05-16T03:18:11.210Z] [WhatsApp-Pi] Fetching group metadata for 120363149473706131@g.us...
[2026-05-16T03:18:11.491Z] [WhatsApp-Pi] Cached group metadata for 120363149473706131@g.us (77 participants)
[2026-05-16T03:26:37.404Z] [LOG] [WhatsApp-Pi] Session shutdown detected. Stopping WhatsApp service...
[2026-05-16T03:28:12.176Z] [LOG] [WhatsApp-Pi] Session shutdown detected. Stopping WhatsApp service...
[2026-05-16T03:37:43.377Z] [LOG] [WhatsApp-Pi] Session shutdown detected. Stopping WhatsApp service...
[2026-05-16T03:42:20.745Z] [LOG] [WhatsApp-Pi] Session shutdown detected. Stopping WhatsApp service...
[2026-05-16T03:46:13.987Z] [WhatsApp-Pi] Fetching group metadata for 120363149473706131@g.us...
[2026-05-16T03:46:14.311Z] [WhatsApp-Pi] Cached group metadata for 120363149473706131@g.us (77 participants)
[2026-05-16T03:47:54.419Z] [WhatsApp-Pi] Group metadata cache HIT for 120363149473706131@g.us
[2026-05-16T03:48:51.199Z] [LOG] [WhatsApp-Pi] Session shutdown detected. Stopping WhatsApp service...
[2026-05-16T03:54:06.656Z] [WhatsApp-Pi] Fetching group metadata for 120363149473706131@g.us...
[2026-05-16T03:54:06.776Z] [WhatsApp-Pi] Cached group metadata for 120363149473706131@g.us (77 participants)
[2026-05-16T04:07:49.927Z] [LOG] [WhatsApp-Pi] Session shutdown detected. Stopping WhatsApp service...
[2026-05-16T04:08:16.927Z] [LOG] [WhatsApp-Pi] Session shutdown detected. Stopping WhatsApp service...
[2026-05-16T04:19:27.700Z] [LOG] [WhatsApp-Pi] Session shutdown detected. Stopping WhatsApp service...
[2026-05-16T04:20:33.738Z] [LOG] [WhatsApp-Pi] Session shutdown detected. Stopping WhatsApp service...
[2026-05-16T04:21:16.721Z] [LOG] [WhatsApp-Pi] Session shutdown detected. Stopping WhatsApp service...
[2026-05-16T04:22:10.003Z] [LOG] [WhatsApp-Pi] Session shutdown detected. Stopping WhatsApp service...
[2026-05-16T04:24:07.319Z] [LOG] [WhatsApp-Pi] Session shutdown detected. Stopping WhatsApp service...
[2026-05-16T04:24:40.753Z] [LOG] [WhatsApp-Pi] Session shutdown detected. Stopping WhatsApp service...
[2026-05-16T04:33:24.565Z] [LOG] [WhatsApp-Pi] Session shutdown detected. Stopping WhatsApp service...
[2026-05-16T04:42:36.979Z] [LOG] [WhatsApp-Pi] Session shutdown detected. Stopping WhatsApp service...
[2026-05-16T04:44:09.926Z] [LOG] [WhatsApp-Pi] Session shutdown detected. Stopping WhatsApp service...
[2026-05-16T04:56:19.388Z] [WhatsApp-Pi] Fetching group metadata for 120363149473706131@g.us...
[2026-05-16T04:56:19.448Z] [WhatsApp-Pi] Cached group metadata for 120363149473706131@g.us (77 participants)
[2026-05-16T05:03:31.712Z] [LOG] [WhatsApp-Pi] Session shutdown detected. Stopping WhatsApp service...
[2026-05-16T05:04:32.625Z] [LOG] [WhatsApp-Pi] Session shutdown detected. Stopping WhatsApp service...
[2026-05-16T05:12:10.140Z] [LOG] [WhatsApp-Pi] Session shutdown detected. Stopping WhatsApp service...
[2026-05-16T05:12:50.036Z] [LOG] [WhatsApp-Pi] Session shutdown detected. Stopping WhatsApp service...
[2026-05-16T05:36:40.528Z] [LOG] [WhatsApp-Pi] Session shutdown detected. Stopping WhatsApp service...
[2026-05-16T06:17:24.489Z] [LOG] [WhatsApp-Pi] Session shutdown detected. Stopping WhatsApp service...
[2026-05-16T06:26:44.515Z] [LOG] [WhatsApp-Pi] Session shutdown detected. Stopping WhatsApp service...
[2026-05-16T06:28:51.760Z] [LOG] [WhatsApp-Pi] Session shutdown detected. Stopping WhatsApp service...
[2026-05-16T06:29:19.135Z] [LOG] [WhatsApp-Pi] Session shutdown detected. Stopping WhatsApp service...
[2026-05-16T06:29:41.394Z] [LOG] [WhatsApp-Pi] Session shutdown detected. Stopping WhatsApp service...
[2026-05-16T06:30:11.370Z] [LOG] [WhatsApp-Pi] Session shutdown detected. Stopping WhatsApp service...
[2026-05-16T06:30:32.121Z] [LOG] [WhatsApp-Pi] Session shutdown detected. Stopping WhatsApp service...
[2026-05-16T06:30:47.204Z] [LOG] [WhatsApp-Pi] Session shutdown detected. Stopping WhatsApp service...
[2026-05-16T06:44:38.165Z] [LOG] [WhatsApp-Pi] Session shutdown detected. Stopping WhatsApp service...
[2026-05-16T06:45:22.121Z] [LOG] [WhatsApp-Pi] Session shutdown detected. Stopping WhatsApp service...
[2026-05-16T15:11:24.588Z] [LOG] [WhatsApp-Pi] Session shutdown detected. Stopping WhatsApp service...
[2026-05-16T15:21:56.042Z] [LOG] [WhatsApp-Pi] Session shutdown detected. Stopping WhatsApp service...
[2026-05-16T17:14:26.174Z] [LOG] [WhatsApp-Pi] Session shutdown detected. Stopping WhatsApp service...
[2026-05-16T18:00:40.102Z] [LOG] [WhatsApp-Pi] Session shutdown detected. Stopping WhatsApp service...
[2026-05-16T20:42:42.038Z] [LOG] [WhatsApp-Pi] Session shutdown detected. Stopping WhatsApp service...
[2026-05-16T20:45:54.193Z] [LOG] [WhatsApp-Pi] Session shutdown detected. Stopping WhatsApp service...
[2026-05-16T21:19:43.130Z] [LOG] [WhatsApp-Pi] Session shutdown detected. Stopping WhatsApp service...
[2026-05-16T21:28:05.750Z] [LOG] [WhatsApp-Pi] Session shutdown detected. Stopping WhatsApp service...
[2026-05-16T21:38:23.963Z] [LOG] [WhatsApp-Pi] Session shutdown detected. Stopping WhatsApp service...
[2026-05-16T21:41:33.805Z] [LOG] [WhatsApp-Pi] Session shutdown detected. Stopping WhatsApp service...
[2026-05-16T21:47:42.855Z] [LOG] [WhatsApp-Pi] Session shutdown detected. Stopping WhatsApp service...
[2026-05-16T23:11:47.962Z] [LOG] [WhatsApp-Pi] Session shutdown detected. Stopping WhatsApp service...
[2026-05-16T23:51:54.982Z] [LOG] [WhatsApp-Pi] Session shutdown detected. Stopping WhatsApp service...
[2026-05-16T23:52:15.322Z] [LOG] [WhatsApp-Pi] Session shutdown detected. Stopping WhatsApp service...
[2026-05-16T23:52:29.858Z] [LOG] [WhatsApp-Pi] Session shutdown detected. Stopping WhatsApp service...
[2026-05-16T23:52:49.152Z] [LOG] [WhatsApp-Pi] Session shutdown detected. Stopping WhatsApp service...
[2026-05-16T23:53:13.289Z] [LOG] [WhatsApp-Pi] Session shutdown detected. Stopping WhatsApp service...
[2026-05-16T23:53:39.876Z] [LOG] [WhatsApp-Pi] Session shutdown detected. Stopping WhatsApp service...
[2026-05-16T23:54:11.669Z] [LOG] [WhatsApp-Pi] Session shutdown detected. Stopping WhatsApp service...
[2026-05-16T23:54:29.662Z] [LOG] [WhatsApp-Pi] Session shutdown detected. Stopping WhatsApp service...
[2026-05-16T23:54:49.989Z] [LOG] [WhatsApp-Pi] Session shutdown detected. Stopping WhatsApp service...
[2026-05-16T23:56:37.389Z] [LOG] [WhatsApp-Pi] Session shutdown detected. Stopping WhatsApp service...
[2026-05-17T00:32:50.779Z] [LOG] [WhatsApp-Pi] Session shutdown detected. Stopping WhatsApp service...
[2026-05-17T00:47:01.932Z] [LOG] [WhatsApp-Pi] Session shutdown detected. Stopping WhatsApp service...
[2026-05-17T00:54:16.370Z] [LOG] [WhatsApp-Pi] Session shutdown detected. Stopping WhatsApp service...
[2026-05-17T01:06:02.992Z] [LOG] [WhatsApp-Pi] Session shutdown detected. Stopping WhatsApp service...
[2026-05-17T01:22:10.115Z] [LOG] [WhatsApp-Pi] Session shutdown detected. Stopping WhatsApp service...
[2026-05-17T01:30:55.055Z] [LOG] [WhatsApp-Pi] Session shutdown detected. Stopping WhatsApp service...
[2026-05-17T01:31:48.632Z] [LOG] [WhatsApp-Pi] Session shutdown detected. Stopping WhatsApp service...
[2026-05-17T01:33:02.832Z] [LOG] [WhatsApp-Pi] Session shutdown detected. Stopping WhatsApp service...
[2026-05-17T01:36:56.444Z] [LOG] [WhatsApp-Pi] Session shutdown detected. Stopping WhatsApp service...
[2026-05-17T01:52:36.391Z] [LOG] [WhatsApp-Pi] Session shutdown detected. Stopping WhatsApp service...
[2026-05-17T01:54:21.530Z] [LOG] [WhatsApp-Pi] Session shutdown detected. Stopping WhatsApp service...
[2026-05-17T04:02:52.334Z] [LOG] [WhatsApp-Pi] Session shutdown detected. Stopping WhatsApp service...
[2026-05-18T19:27:03.627Z] [LOG] [WhatsApp-Pi] Session shutdown detected. Stopping WhatsApp service...
[2026-05-18T22:06:52.189Z] [LOG] [WhatsApp-Pi] Session shutdown detected. Stopping WhatsApp service...
[2026-05-18T22:07:33.077Z] [LOG] [WhatsApp-Pi] Session shutdown detected. Stopping WhatsApp service...
